<?xml version="1.0" encoding="UTF-8"?>
<!-- Generated by org.testng.reporters.JUnitXMLReporter -->
<testsuite hostname="DESKTOP-3SJIT6V" ignored="0" name="Default test" tests="3" failures="0" timestamp="19 Mar 2019 09:57:18 GMT" time="90.735" errors="0">
  <testcase name="LabelCheckTest" time="0.138" classname="com.crm.qa.testcases.ContactspageTest"/>
  <testcase name="ActionTest" time="2.091" classname="com.crm.qa.testcases.ContactspageTest"/>
  <testcase name="driverTitleTest" time="0.007" classname="com.crm.qa.testcases.ContactspageTest"/>
</testsuite> <!-- Default test -->
