<?xml version="1.0" encoding="UTF-8"?>
<!-- Generated by org.testng.reporters.JUnitXMLReporter -->
<testsuite hostname="DESKTOP-3SJIT6V" ignored="0" name="Default test" tests="7" failures="0" timestamp="20 Mar 2019 05:46:06 GMT" time="312.761" errors="0">
  <testcase name="LabelCheckTest" time="0.121" classname="com.crm.qa.testcases.ContactspageTest"/>
  <testcase name="ActionTest" time="2.068" classname="com.crm.qa.testcases.ContactspageTest"/>
  <testcase name="driverTitleTest" time="0.008" classname="com.crm.qa.testcases.ContactspageTest"/>
  <testcase name="Create_New_ContactTest" time="20.403" classname="com.crm.qa.testcases.ContactspageTest"/>
  <testcase name="Create_New_ContactTest" time="18.831" classname="com.crm.qa.testcases.ContactspageTest"/>
  <testcase name="Create_New_ContactTest" time="24.953" classname="com.crm.qa.testcases.ContactspageTest"/>
  <testcase name="Create_New_ContactTest" time="20.363" classname="com.crm.qa.testcases.ContactspageTest"/>
</testsuite> <!-- Default test -->
