<?xml version="1.0" encoding="UTF-8"?>
<!-- Generated by org.testng.reporters.JUnitXMLReporter -->
<testsuite hostname="DESKTOP-3SJIT6V" ignored="0" name="EXECUTING ALL TESTS" tests="3" failures="0" timestamp="20 Mar 2019 06:01:01 GMT" time="107.664" errors="0">
  <testcase name="LabelCheckTest" time="0.131" classname="com.crm.qa.testcases.ContactspageTest"/>
  <testcase name="LoginFunctionlityTest" time="3.716" classname="com.crm.qa.testcases.LoginPageTest"/>
  <testcase name="GettitleTest" time="2.995" classname="com.crm.qa.testcases.HomepageTest"/>
</testsuite> <!-- EXECUTING ALL TESTS -->
