<?xml version="1.0" encoding="UTF-8"?>
<!-- Generated by org.testng.reporters.JUnitXMLReporter -->
<testsuite hostname="DESKTOP-3SJIT6V" ignored="0" name="TEST1" tests="3" failures="0" timestamp="26 Mar 2019 06:35:10 GMT" time="104.787" errors="0">
  <testcase name="LoginFunctionlityTest" time="3.918" classname="com.crm.qa.testcases.LoginPageTest"/>
  <testcase name="LoginButtonTest" time="3.166" classname="com.crm.qa.testcases.LoginPageTest"/>
  <testcase name="ForgotpwTest" time="3.196" classname="com.crm.qa.testcases.LoginPageTest"/>
</testsuite> <!-- TEST1 -->
