<?xml version="1.0" encoding="UTF-8"?>
<!-- Generated by org.testng.reporters.JUnitXMLReporter -->
<testsuite hostname="DESKTOP-3SJIT6V" ignored="0" name="TEST3" tests="4" failures="0" timestamp="26 Mar 2019 06:39:35 GMT" time="96.923" errors="0">
  <testcase name="LabelCheckTest" time="0.075" classname="com.crm.qa.testcases.ContactspageTest"/>
  <testcase name="ActionTest" time="2.125" classname="com.crm.qa.testcases.ContactspageTest"/>
  <testcase name="driverTitleTest" time="0.0" classname="com.crm.qa.testcases.ContactspageTest"/>
  <testcase name="Create_New_ContactTest" time="0.0" classname="com.crm.qa.testcases.ContactspageTest">
    <skipped/>
  </testcase> <!-- Create_New_ContactTest -->
</testsuite> <!-- TEST3 -->
