<?xml version="1.0" encoding="UTF-8"?>
<!-- Generated by org.testng.reporters.JUnitXMLReporter -->
<testsuite hostname="DESKTOP-3SJIT6V" ignored="0" name="TEST3" tests="7" failures="0" timestamp="26 Mar 2019 08:18:12 GMT" time="330.792" errors="0">
  <testcase name="LabelCheckTest" time="0.078" classname="com.crm.qa.testcases.ContactspageTest"/>
  <testcase name="ActionTest" time="2.083" classname="com.crm.qa.testcases.ContactspageTest"/>
  <testcase name="driverTitleTest" time="0.0" classname="com.crm.qa.testcases.ContactspageTest"/>
  <testcase name="Create_New_ContactTest" time="27.336" classname="com.crm.qa.testcases.ContactspageTest"/>
  <testcase name="Create_New_ContactTest" time="17.775" classname="com.crm.qa.testcases.ContactspageTest"/>
  <testcase name="Create_New_ContactTest" time="26.406" classname="com.crm.qa.testcases.ContactspageTest"/>
  <testcase name="Create_New_ContactTest" time="35.888" classname="com.crm.qa.testcases.ContactspageTest"/>
</testsuite> <!-- TEST3 -->
