<?xml version="1.0" encoding="UTF-8"?>
<!-- Generated by org.testng.reporters.JUnitXMLReporter -->
<testsuite hostname="DESKTOP-3SJIT6V" ignored="0" name="TEST2" tests="5" failures="0" timestamp="26 Mar 2019 06:37:58 GMT" time="167.477" errors="0">
  <testcase name="GettitleTest" time="3.037" classname="com.crm.qa.testcases.HomepageTest"/>
  <testcase name="VerifyDeallinkTest" time="3.044" classname="com.crm.qa.testcases.HomepageTest"/>
  <testcase name="ClickDealLinkTest" time="4.224" classname="com.crm.qa.testcases.HomepageTest"/>
  <testcase name="ClickTasksLinkTest" time="6.903" classname="com.crm.qa.testcases.HomepageTest"/>
  <testcase name="VerifyContactLinkTest" time="5.679" classname="com.crm.qa.testcases.HomepageTest"/>
</testsuite> <!-- TEST2 -->
