<?xml version="1.0" encoding="UTF-8"?>
<!-- Generated by org.testng.reporters.JUnitXMLReporter -->
<testsuite hostname="DESKTOP-3SJIT6V" ignored="0" name="TEST2" tests="5" failures="0" timestamp="26 Mar 2019 08:12:41 GMT" time="148.167" errors="0">
  <testcase name="GettitleTest" time="3.024" classname="com.crm.qa.testcases.HomepageTest"/>
  <testcase name="VerifyDeallinkTest" time="3.113" classname="com.crm.qa.testcases.HomepageTest"/>
  <testcase name="ClickDealLinkTest" time="4.252" classname="com.crm.qa.testcases.HomepageTest"/>
  <testcase name="ClickTasksLinkTest" time="7.201" classname="com.crm.qa.testcases.HomepageTest"/>
  <testcase name="VerifyContactLinkTest" time="2.975" classname="com.crm.qa.testcases.HomepageTest"/>
</testsuite> <!-- TEST2 -->
