<?xml version="1.0" encoding="UTF-8"?>
<testng-results skipped="0" failed="0" ignored="0" total="3" passed="3">
  <reporter-output>
  </reporter-output>
  <suite name="FREE CRM POM FRAMEWORK" duration-ms="107664" started-at="2019-03-20T05:59:13Z" finished-at="2019-03-20T06:01:01Z">
    <groups>
    </groups>
    <test name="EXECUTING ALL TESTS" duration-ms="107664" started-at="2019-03-20T05:59:13Z" finished-at="2019-03-20T06:01:01Z">
      <class name="com.crm.qa.testcases.LoginPageTest">
        <test-method status="PASS" signature="setup()[pri:0, instance:com.crm.qa.testcases.LoginPageTest@754ba872]" name="setup" is-config="true" duration-ms="22727" started-at="2019-03-20T05:59:47Z" finished-at="2019-03-20T06:00:10Z">
          <reporter-output>
          </reporter-output>
        </test-method> <!-- setup -->
        <test-method status="PASS" signature="LoginFunctionlityTest()[pri:1, instance:com.crm.qa.testcases.LoginPageTest@754ba872]" name="LoginFunctionlityTest" duration-ms="3716" started-at="2019-03-20T06:00:10Z" finished-at="2019-03-20T06:00:13Z">
          <reporter-output>
          </reporter-output>
        </test-method> <!-- LoginFunctionlityTest -->
        <test-method status="PASS" signature="teardown()[pri:0, instance:com.crm.qa.testcases.LoginPageTest@754ba872]" name="teardown" is-config="true" duration-ms="7177" started-at="2019-03-20T06:00:13Z" finished-at="2019-03-20T06:00:20Z">
          <reporter-output>
          </reporter-output>
        </test-method> <!-- teardown -->
      </class> <!-- com.crm.qa.testcases.LoginPageTest -->
      <class name="com.crm.qa.testcases.HomepageTest">
        <test-method status="PASS" signature="setup()[pri:0, instance:com.crm.qa.testcases.HomepageTest@146ba0ac]" name="setup" is-config="true" duration-ms="29653" started-at="2019-03-20T06:00:20Z" finished-at="2019-03-20T06:00:50Z">
          <reporter-output>
          </reporter-output>
        </test-method> <!-- setup -->
        <test-method status="PASS" signature="GettitleTest()[pri:1, instance:com.crm.qa.testcases.HomepageTest@146ba0ac]" name="GettitleTest" duration-ms="2995" started-at="2019-03-20T06:00:50Z" finished-at="2019-03-20T06:00:53Z">
          <reporter-output>
          </reporter-output>
        </test-method> <!-- GettitleTest -->
        <test-method status="PASS" signature="teardown()[pri:0, instance:com.crm.qa.testcases.HomepageTest@146ba0ac]" name="teardown" is-config="true" duration-ms="7532" started-at="2019-03-20T06:00:53Z" finished-at="2019-03-20T06:01:01Z">
          <reporter-output>
          </reporter-output>
        </test-method> <!-- teardown -->
      </class> <!-- com.crm.qa.testcases.HomepageTest -->
      <class name="com.crm.qa.testcases.ContactspageTest">
        <test-method status="PASS" signature="setup()[pri:0, instance:com.crm.qa.testcases.ContactspageTest@e25b2fe]" name="setup" is-config="true" duration-ms="26698" started-at="2019-03-20T05:59:13Z" finished-at="2019-03-20T05:59:40Z">
          <reporter-output>
          </reporter-output>
        </test-method> <!-- setup -->
        <test-method status="PASS" signature="LabelCheckTest()[pri:1, instance:com.crm.qa.testcases.ContactspageTest@e25b2fe]" name="LabelCheckTest" duration-ms="131" started-at="2019-03-20T05:59:40Z" finished-at="2019-03-20T05:59:40Z">
          <reporter-output>
          </reporter-output>
        </test-method> <!-- LabelCheckTest -->
        <test-method status="PASS" signature="teardown()[pri:0, instance:com.crm.qa.testcases.ContactspageTest@e25b2fe]" name="teardown" is-config="true" duration-ms="6988" started-at="2019-03-20T05:59:40Z" finished-at="2019-03-20T05:59:47Z">
          <reporter-output>
          </reporter-output>
        </test-method> <!-- teardown -->
      </class> <!-- com.crm.qa.testcases.ContactspageTest -->
    </test> <!-- EXECUTING ALL TESTS -->
  </suite> <!-- FREE CRM POM FRAMEWORK -->
</testng-results>
