<?xml version="1.0" encoding="UTF-8"?>
<testng-results skipped="1" failed="0" ignored="0" total="12" passed="11">
  <reporter-output>
  </reporter-output>
  <suite name="FREE CRM POM FRAMEWORK" duration-ms="369390" started-at="2019-03-26T06:33:25Z" finished-at="2019-03-26T06:39:35Z">
    <groups>
    </groups>
    <test name="TEST1" duration-ms="104787" started-at="2019-03-26T06:33:25Z" finished-at="2019-03-26T06:35:10Z">
      <class name="com.crm.qa.testcases.LoginPageTest">
        <test-method status="PASS" signature="setup()[pri:0, instance:com.crm.qa.testcases.LoginPageTest@5442a311]" name="setup" is-config="true" duration-ms="25526" started-at="2019-03-26T06:33:25Z" finished-at="2019-03-26T06:33:51Z">
          <reporter-output>
          </reporter-output>
        </test-method> <!-- setup -->
        <test-method status="PASS" signature="LoginFunctionlityTest()[pri:1, instance:com.crm.qa.testcases.LoginPageTest@5442a311]" name="LoginFunctionlityTest" duration-ms="3918" started-at="2019-03-26T06:33:51Z" finished-at="2019-03-26T06:33:55Z">
          <reporter-output>
          </reporter-output>
        </test-method> <!-- LoginFunctionlityTest -->
        <test-method status="PASS" signature="teardown()[pri:0, instance:com.crm.qa.testcases.LoginPageTest@5442a311]" name="teardown" is-config="true" duration-ms="7881" started-at="2019-03-26T06:33:55Z" finished-at="2019-03-26T06:34:03Z">
          <reporter-output>
          </reporter-output>
        </test-method> <!-- teardown -->
        <test-method status="PASS" signature="setup()[pri:0, instance:com.crm.qa.testcases.LoginPageTest@5442a311]" name="setup" is-config="true" duration-ms="22479" started-at="2019-03-26T06:34:03Z" finished-at="2019-03-26T06:34:25Z">
          <reporter-output>
          </reporter-output>
        </test-method> <!-- setup -->
        <test-method status="PASS" signature="LoginButtonTest()[pri:2, instance:com.crm.qa.testcases.LoginPageTest@5442a311]" name="LoginButtonTest" duration-ms="3166" started-at="2019-03-26T06:34:25Z" finished-at="2019-03-26T06:34:28Z">
          <reporter-output>
          </reporter-output>
        </test-method> <!-- LoginButtonTest -->
        <test-method status="PASS" signature="teardown()[pri:0, instance:com.crm.qa.testcases.LoginPageTest@5442a311]" name="teardown" is-config="true" duration-ms="7270" started-at="2019-03-26T06:34:28Z" finished-at="2019-03-26T06:34:36Z">
          <reporter-output>
          </reporter-output>
        </test-method> <!-- teardown -->
        <test-method status="PASS" signature="setup()[pri:0, instance:com.crm.qa.testcases.LoginPageTest@5442a311]" name="setup" is-config="true" duration-ms="23285" started-at="2019-03-26T06:34:36Z" finished-at="2019-03-26T06:34:59Z">
          <reporter-output>
          </reporter-output>
        </test-method> <!-- setup -->
        <test-method status="PASS" signature="ForgotpwTest()[pri:3, instance:com.crm.qa.testcases.LoginPageTest@5442a311]" name="ForgotpwTest" duration-ms="3196" started-at="2019-03-26T06:34:59Z" finished-at="2019-03-26T06:35:02Z">
          <reporter-output>
          </reporter-output>
        </test-method> <!-- ForgotpwTest -->
        <test-method status="PASS" signature="teardown()[pri:0, instance:com.crm.qa.testcases.LoginPageTest@5442a311]" name="teardown" is-config="true" duration-ms="8011" started-at="2019-03-26T06:35:02Z" finished-at="2019-03-26T06:35:10Z">
          <reporter-output>
          </reporter-output>
        </test-method> <!-- teardown -->
      </class> <!-- com.crm.qa.testcases.LoginPageTest -->
    </test> <!-- TEST1 -->
    <test name="TEST2" duration-ms="167477" started-at="2019-03-26T06:35:10Z" finished-at="2019-03-26T06:37:58Z">
      <class name="com.crm.qa.testcases.HomepageTest">
        <test-method status="PASS" signature="setup()[pri:0, instance:com.crm.qa.testcases.HomepageTest@490ab905]" name="setup" is-config="true" duration-ms="18251" started-at="2019-03-26T06:35:10Z" finished-at="2019-03-26T06:35:29Z">
          <reporter-output>
          </reporter-output>
        </test-method> <!-- setup -->
        <test-method status="PASS" signature="GettitleTest()[pri:1, instance:com.crm.qa.testcases.HomepageTest@490ab905]" name="GettitleTest" duration-ms="3037" started-at="2019-03-26T06:35:29Z" finished-at="2019-03-26T06:35:32Z">
          <reporter-output>
          </reporter-output>
        </test-method> <!-- GettitleTest -->
        <test-method status="PASS" signature="teardown()[pri:0, instance:com.crm.qa.testcases.HomepageTest@490ab905]" name="teardown" is-config="true" duration-ms="7556" started-at="2019-03-26T06:35:32Z" finished-at="2019-03-26T06:35:39Z">
          <reporter-output>
          </reporter-output>
        </test-method> <!-- teardown -->
        <test-method status="PASS" signature="setup()[pri:0, instance:com.crm.qa.testcases.HomepageTest@490ab905]" name="setup" is-config="true" duration-ms="25237" started-at="2019-03-26T06:35:39Z" finished-at="2019-03-26T06:36:04Z">
          <reporter-output>
          </reporter-output>
        </test-method> <!-- setup -->
        <test-method status="PASS" signature="VerifyDeallinkTest()[pri:2, instance:com.crm.qa.testcases.HomepageTest@490ab905]" name="VerifyDeallinkTest" duration-ms="3044" started-at="2019-03-26T06:36:04Z" finished-at="2019-03-26T06:36:07Z">
          <reporter-output>
          </reporter-output>
        </test-method> <!-- VerifyDeallinkTest -->
        <test-method status="PASS" signature="teardown()[pri:0, instance:com.crm.qa.testcases.HomepageTest@490ab905]" name="teardown" is-config="true" duration-ms="7873" started-at="2019-03-26T06:36:07Z" finished-at="2019-03-26T06:36:15Z">
          <reporter-output>
          </reporter-output>
        </test-method> <!-- teardown -->
        <test-method status="PASS" signature="setup()[pri:0, instance:com.crm.qa.testcases.HomepageTest@490ab905]" name="setup" is-config="true" duration-ms="18073" started-at="2019-03-26T06:36:15Z" finished-at="2019-03-26T06:36:33Z">
          <reporter-output>
          </reporter-output>
        </test-method> <!-- setup -->
        <test-method status="PASS" signature="ClickDealLinkTest()[pri:3, instance:com.crm.qa.testcases.HomepageTest@490ab905]" name="ClickDealLinkTest" duration-ms="4224" started-at="2019-03-26T06:36:33Z" finished-at="2019-03-26T06:36:38Z">
          <reporter-output>
          </reporter-output>
        </test-method> <!-- ClickDealLinkTest -->
        <test-method status="PASS" signature="teardown()[pri:0, instance:com.crm.qa.testcases.HomepageTest@490ab905]" name="teardown" is-config="true" duration-ms="7669" started-at="2019-03-26T06:36:38Z" finished-at="2019-03-26T06:36:45Z">
          <reporter-output>
          </reporter-output>
        </test-method> <!-- teardown -->
        <test-method status="PASS" signature="setup()[pri:0, instance:com.crm.qa.testcases.HomepageTest@490ab905]" name="setup" is-config="true" duration-ms="20051" started-at="2019-03-26T06:36:45Z" finished-at="2019-03-26T06:37:05Z">
          <reporter-output>
          </reporter-output>
        </test-method> <!-- setup -->
        <test-method status="PASS" signature="ClickTasksLinkTest()[pri:4, instance:com.crm.qa.testcases.HomepageTest@490ab905]" name="ClickTasksLinkTest" duration-ms="6903" started-at="2019-03-26T06:37:05Z" finished-at="2019-03-26T06:37:12Z">
          <reporter-output>
          </reporter-output>
        </test-method> <!-- ClickTasksLinkTest -->
        <test-method status="PASS" signature="teardown()[pri:0, instance:com.crm.qa.testcases.HomepageTest@490ab905]" name="teardown" is-config="true" duration-ms="8560" started-at="2019-03-26T06:37:12Z" finished-at="2019-03-26T06:37:21Z">
          <reporter-output>
          </reporter-output>
        </test-method> <!-- teardown -->
        <test-method status="PASS" signature="setup()[pri:0, instance:com.crm.qa.testcases.HomepageTest@490ab905]" name="setup" is-config="true" duration-ms="21985" started-at="2019-03-26T06:37:21Z" finished-at="2019-03-26T06:37:43Z">
          <reporter-output>
          </reporter-output>
        </test-method> <!-- setup -->
        <test-method status="PASS" signature="VerifyContactLinkTest()[pri:5, instance:com.crm.qa.testcases.HomepageTest@490ab905]" name="VerifyContactLinkTest" duration-ms="5679" started-at="2019-03-26T06:37:43Z" finished-at="2019-03-26T06:37:48Z">
          <reporter-output>
          </reporter-output>
        </test-method> <!-- VerifyContactLinkTest -->
        <test-method status="PASS" signature="teardown()[pri:0, instance:com.crm.qa.testcases.HomepageTest@490ab905]" name="teardown" is-config="true" duration-ms="9328" started-at="2019-03-26T06:37:48Z" finished-at="2019-03-26T06:37:58Z">
          <reporter-output>
          </reporter-output>
        </test-method> <!-- teardown -->
      </class> <!-- com.crm.qa.testcases.HomepageTest -->
    </test> <!-- TEST2 -->
    <test name="TEST3" duration-ms="96923" started-at="2019-03-26T06:37:58Z" finished-at="2019-03-26T06:39:35Z">
      <class name="com.crm.qa.testcases.ContactspageTest">
        <test-method status="PASS" signature="setup()[pri:0, instance:com.crm.qa.testcases.ContactspageTest@56ef9176]" name="setup" is-config="true" duration-ms="22168" started-at="2019-03-26T06:37:58Z" finished-at="2019-03-26T06:38:20Z">
          <reporter-output>
          </reporter-output>
        </test-method> <!-- setup -->
        <test-method status="PASS" signature="LabelCheckTest()[pri:1, instance:com.crm.qa.testcases.ContactspageTest@56ef9176]" name="LabelCheckTest" duration-ms="75" started-at="2019-03-26T06:38:20Z" finished-at="2019-03-26T06:38:20Z">
          <reporter-output>
          </reporter-output>
        </test-method> <!-- LabelCheckTest -->
        <test-method status="PASS" signature="teardown()[pri:0, instance:com.crm.qa.testcases.ContactspageTest@56ef9176]" name="teardown" is-config="true" duration-ms="9424" started-at="2019-03-26T06:38:20Z" finished-at="2019-03-26T06:38:29Z">
          <reporter-output>
          </reporter-output>
        </test-method> <!-- teardown -->
        <test-method status="PASS" signature="setup()[pri:0, instance:com.crm.qa.testcases.ContactspageTest@56ef9176]" name="setup" is-config="true" duration-ms="24787" started-at="2019-03-26T06:38:29Z" finished-at="2019-03-26T06:38:54Z">
          <reporter-output>
          </reporter-output>
        </test-method> <!-- setup -->
        <test-method status="PASS" signature="ActionTest()[pri:2, instance:com.crm.qa.testcases.ContactspageTest@56ef9176]" name="ActionTest" duration-ms="2125" started-at="2019-03-26T06:38:54Z" finished-at="2019-03-26T06:38:56Z">
          <reporter-output>
          </reporter-output>
        </test-method> <!-- ActionTest -->
        <test-method status="PASS" signature="teardown()[pri:0, instance:com.crm.qa.testcases.ContactspageTest@56ef9176]" name="teardown" is-config="true" duration-ms="7751" started-at="2019-03-26T06:38:56Z" finished-at="2019-03-26T06:39:04Z">
          <reporter-output>
          </reporter-output>
        </test-method> <!-- teardown -->
        <test-method status="PASS" signature="setup()[pri:0, instance:com.crm.qa.testcases.ContactspageTest@56ef9176]" name="setup" is-config="true" duration-ms="22689" started-at="2019-03-26T06:39:04Z" finished-at="2019-03-26T06:39:27Z">
          <reporter-output>
          </reporter-output>
        </test-method> <!-- setup -->
        <test-method status="PASS" signature="teardown()[pri:0, instance:com.crm.qa.testcases.ContactspageTest@56ef9176]" name="teardown" is-config="true" duration-ms="7871" started-at="2019-03-26T06:39:27Z" finished-at="2019-03-26T06:39:35Z">
          <reporter-output>
          </reporter-output>
        </test-method> <!-- teardown -->
        <test-method status="PASS" signature="driverTitleTest()[pri:3, instance:com.crm.qa.testcases.ContactspageTest@56ef9176]" name="driverTitleTest" duration-ms="0" started-at="2019-03-26T06:39:27Z" finished-at="2019-03-26T06:39:27Z">
          <reporter-output>
          </reporter-output>
        </test-method> <!-- driverTitleTest -->
        <test-method status="SKIP" signature="Create_New_ContactTest(java.lang.String, java.lang.String, java.lang.String, java.lang.String)[pri:4, instance:com.crm.qa.testcases.ContactspageTest@56ef9176]" name="Create_New_ContactTest" duration-ms="0" started-at="2019-03-26T06:39:35Z" data-provider="getdata" finished-at="2019-03-26T06:39:35Z">
          <exception class="java.lang.RuntimeException">
            <message>
              <![CDATA[java.lang.NullPointerException]]>
            </message>
            <full-stacktrace>
              <![CDATA[java.lang.RuntimeException: java.lang.NullPointerException
at org.testng.internal.MethodInvocationHelper.invokeMethodNoCheckedException(MethodInvocationHelper.java:49)
at org.testng.internal.MethodInvocationHelper.invokeDataProvider(MethodInvocationHelper.java:131)
at org.testng.internal.Parameters.handleParameters(Parameters.java:706)
at org.testng.internal.ParameterHandler.handleParameters(ParameterHandler.java:49)
at org.testng.internal.ParameterHandler.createParameters(ParameterHandler.java:37)
at org.testng.internal.Invoker.invokeTestMethods(Invoker.java:924)
at org.testng.internal.TestMethodWorker.invokeTestMethods(TestMethodWorker.java:125)
at org.testng.internal.TestMethodWorker.run(TestMethodWorker.java:109)
at org.testng.TestRunner.privateRun(TestRunner.java:648)
at org.testng.TestRunner.run(TestRunner.java:505)
at org.testng.SuiteRunner.runTest(SuiteRunner.java:455)
at org.testng.SuiteRunner.runSequentially(SuiteRunner.java:450)
at org.testng.SuiteRunner.privateRun(SuiteRunner.java:415)
at org.testng.SuiteRunner.run(SuiteRunner.java:364)
at org.testng.SuiteRunnerWorker.runSuite(SuiteRunnerWorker.java:52)
at org.testng.SuiteRunnerWorker.run(SuiteRunnerWorker.java:84)
at org.testng.TestNG.runSuitesSequentially(TestNG.java:1208)
at org.testng.TestNG.runSuitesLocally(TestNG.java:1137)
at org.testng.TestNG.runSuites(TestNG.java:1049)
at org.testng.TestNG.run(TestNG.java:1017)
at org.testng.remote.AbstractRemoteTestNG.run(AbstractRemoteTestNG.java:115)
at org.testng.remote.RemoteTestNG.initAndRun(RemoteTestNG.java:251)
at org.testng.remote.RemoteTestNG.main(RemoteTestNG.java:77)
Caused by: java.lang.NullPointerException
at com.crm.qa.testdata.Xls_Reader_Naveen.getRowCount(Xls_Reader_Naveen.java:52)
at com.crm.qa.testdata.UtilityFile.getdatafromExcel(UtilityFile.java:20)
at com.crm.qa.testcases.ContactspageTest.getdata(ContactspageTest.java:73)
at sun.reflect.NativeMethodAccessorImpl.invoke0(Native Method)
at sun.reflect.NativeMethodAccessorImpl.invoke(Unknown Source)
at sun.reflect.DelegatingMethodAccessorImpl.invoke(Unknown Source)
at java.lang.reflect.Method.invoke(Unknown Source)
at org.testng.internal.MethodInvocationHelper.invokeMethod(MethodInvocationHelper.java:124)
at org.testng.internal.MethodInvocationHelper.invokeMethod(MethodInvocationHelper.java:74)
at org.testng.internal.MethodInvocationHelper.invokeMethodNoCheckedException(MethodInvocationHelper.java:45)
... 22 more
]]>
            </full-stacktrace>
          </exception> <!-- java.lang.RuntimeException -->
          <reporter-output>
          </reporter-output>
        </test-method> <!-- Create_New_ContactTest -->
      </class> <!-- com.crm.qa.testcases.ContactspageTest -->
    </test> <!-- TEST3 -->
  </suite> <!-- FREE CRM POM FRAMEWORK -->
</testng-results>
